\BOOKMARK [1][-]{section.1}{\277Por qu\351 redes neuronales?}{}% 1
\BOOKMARK [2][-]{subsection.1.1}{Ventajas}{section.1}% 2
\BOOKMARK [2][-]{subsection.1.2}{Desventajas}{section.1}% 3
\BOOKMARK [2][-]{subsection.1.3}{Aprendizaje}{section.1}% 4
\BOOKMARK [2][-]{subsection.1.4}{Reglas de Aprendizaje}{section.1}% 5
\BOOKMARK [3][-]{subsubsection.1.4.1}{Correcci\363n de Error}{subsection.1.4}% 6
\BOOKMARK [3][-]{subsubsection.1.4.2}{Boltzmann}{subsection.1.4}% 7
\BOOKMARK [3][-]{subsubsection.1.4.3}{Hebbiano}{subsection.1.4}% 8
\BOOKMARK [3][-]{subsubsection.1.4.4}{Competitivo}{subsection.1.4}% 9
\BOOKMARK [2][-]{subsection.1.5}{Validaci\363n Cruzada}{section.1}% 10
\BOOKMARK [3][-]{subsubsection.1.5.1}{Contexto}{subsection.1.5}% 11
\BOOKMARK [3][-]{subsubsection.1.5.2}{Objetivos}{subsection.1.5}% 12
\BOOKMARK [3][-]{subsubsection.1.5.3}{Limitaciones y uso no adecuado}{subsection.1.5}% 13
\BOOKMARK [2][-]{subsection.1.6}{Aplicaciones de las RNA}{section.1}% 14
\BOOKMARK [1][-]{section.2}{Bases estad\355sticas de reconocimiento de patrones}{}% 15
\BOOKMARK [1][-]{section.3}{Perceptr\363n Multicapa}{}% 16
\BOOKMARK [2][-]{subsection.3.1}{T\351rmino de momento}{section.3}% 17
\BOOKMARK [1][-]{section.4}{Red neuronal de Base Radial}{}% 18
\BOOKMARK [2][-]{subsection.4.1}{Adaptaci\363n de las RBF:k-means}{section.4}% 19
\BOOKMARK [3][-]{subsubsection.4.1.1}{Algoritmo de adaptaci\363n batch k-means:}{subsection.4.1}% 20
\BOOKMARK [3][-]{subsubsection.4.1.2}{M\351todos de entrenamiento de pesos:}{subsection.4.1}% 21
\BOOKMARK [2][-]{subsection.4.2}{Comparaci\363n entre las RBF y los MLP}{section.4}% 22
\BOOKMARK [1][-]{section.5}{Red de Hopfield}{}% 23
\BOOKMARK [2][-]{subsection.5.1}{Caracter\355sticas}{section.5}% 24
\BOOKMARK [2][-]{subsection.5.2}{Fases de Operaci\363n}{section.5}% 25
\BOOKMARK [3][-]{subsubsection.5.2.1}{Fase de Almacenamiento}{subsection.5.2}% 26
\BOOKMARK [3][-]{subsubsection.5.2.2}{Fase de Recuperaci\363n}{subsection.5.2}% 27
\BOOKMARK [2][-]{subsection.5.3}{Generalidades}{section.5}% 28
\BOOKMARK [2][-]{subsection.5.4}{Redes Din\341micas de Elman y Jordan}{section.5}% 29
\BOOKMARK [1][-]{section.6}{Redes Competitivas}{}% 30
\BOOKMARK [2][-]{subsection.6.1}{Mapas Auto-Organizativos \(SOM\)}{section.6}% 31
\BOOKMARK [3][-]{subsubsection.6.1.1}{Fases del proceso adaptativo \(Haykin, p452\)}{subsection.6.1}% 32
\BOOKMARK [1][-]{section.7}{L\363gica}{}% 33
\BOOKMARK [2][-]{subsection.7.1}{Sistemas de producci\363n con encadenamiento hacia adelante}{section.7}% 34
\BOOKMARK [3][-]{subsubsection.7.1.1}{Componentes:}{subsection.7.1}% 35
\BOOKMARK [3][-]{subsubsection.7.1.2}{Fases:}{subsection.7.1}% 36
